<ParameterList name="Main">
  <ParameterList name="Mesh">
    <Parameter isUsed="true" name="Framework" type="string" value="MSTK"/>
    <!-- stk mesh enables easy generation of the mesh.  Is this true for all classes? -etc -->
    <ParameterList name="Generate Mesh">
      <Parameter name="Number of Cells" type="Array(int)" value="{3,3,3}"/>
      <!-- \hat{z} is in the up direction, placing the origin at the surface -->
      <Parameter name="Domain Low Coordinate" type="Array(double)" value="{0.0,0.0,0.0}"/>
      <Parameter name="Domain High Coordinate" type="Array(double)" value="{1.0,1.0,1.0}"/>

      <!-- in the future, mesh blocks may be used to define ice-rich regions -->
      <!-- not currently used in richards mode (same models everywhere) -->
      <Parameter name="Number of mesh blocks" type="int" value="1"/>
      <ParameterList name="Mesh block 1">
	    <Parameter name="Z0" type="double" value="0.0"/>
	    <Parameter name="Z1" type="double" value="1.0"/>
      </ParameterList>
    </ParameterList>
  </ParameterList>

  <ParameterList name="Domain">
    <Parameter name="Spatial Dimension" type="int" value="3"/>
  </ParameterList>

  <ParameterList name="Regions">
    <!-- region for the overall domain -->
    <ParameterList name="computational domain">
      <ParameterList name="Region: Box">
        <Parameter name="Low Coordinate" type="Array(double)" value="{0.0,0.0,0.0}"/>
        <Parameter name="High Coordinate" type="Array(double)" value="{1.0,1.0,1.0}"/>
      </ParameterList>
    </ParameterList>

    <!-- top and bottom side regions -->
    <ParameterList name="3D surface domain">
      <ParameterList name="Region: Plane">
        <Parameter name="Location" type="Array(double)" value="{0.5,0.5,1.0}"/>
        <Parameter name="Direction" type="Array(double)" value="{0.0,0.0,1.0}"/>
      </ParameterList>
    </ParameterList>

    <ParameterList name="bottom side">
      <ParameterList name="Region: Plane">
        <Parameter name="Location" type="Array(double)" value="{0.5,0.5,0.0}"/>
        <Parameter name="Direction" type="Array(double)" value="{0.0,0.0,-1.0}"/>
      </ParameterList>
    </ParameterList>

    <!-- 2D regions for the surface mesh -->
    <ParameterList name="surface domain">
      <ParameterList name="Region: Box">
        <Parameter name="Low Coordinate" type="Array(double)" value="{0.0,0.0}"/>
        <Parameter name="High Coordinate" type="Array(double)" value="{1.0,1.0}"/>
      </ParameterList>
    </ParameterList>

    <ParameterList name="north edge">
      <ParameterList name="Region: Plane">
        <Parameter name="Location" type="Array(double)" value="{1.0,1.0}"/>
        <Parameter name="Direction" type="Array(double)" value="{0.0,1.0}"/>
      </ParameterList>
    </ParameterList>

    <ParameterList name="south edge">
      <ParameterList name="Region: Plane">
        <Parameter name="Location" type="Array(double)" value="{0.0,0.0}"/>
        <Parameter name="Direction" type="Array(double)" value="{0.0,-1.0}"/>
      </ParameterList>
    </ParameterList>

    <ParameterList name="east edge">
      <ParameterList name="Region: Plane">
        <Parameter name="Location" type="Array(double)" value="{1.0,1.0}"/>
        <Parameter name="Direction" type="Array(double)" value="{1.0,0.0}"/>
      </ParameterList>
    </ParameterList>

    <ParameterList name="west edge">
      <ParameterList name="Region: Plane">
        <Parameter name="Location" type="Array(double)" value="{0.0,0.0}"/>
        <Parameter name="Direction" type="Array(double)" value="{-1.0,0.0}"/>
      </ParameterList>
    </ParameterList>
  </ParameterList>
</ParameterList>
